<?xml version="1.0" encoding="UTF-8"?>
<!-- Generated by org.testng.reporters.JUnitXMLReporter -->
<testsuite hostname="DESKTOP-UJH33DH" failures="0" tests="3" name="Default test" time="6.74" errors="0" timestamp="18 Jul 2022 09:15:56 GMT">
  <testcase classname="org.Maven.Pratice.MavenExampleTest" name="testSetup1" time="3.434"/>
  <testcase classname="org.Maven.Pratice.MavenExampleTest" name="testSetup2" time="1.686"/>
  <testcase classname="org.Maven.Pratice.MavenExampleTest" name="testSetup3" time="1.591"/>
</testsuite> <!-- Default test -->
