<?xml version="1.0" encoding="UTF-8"?>
<!-- Generated by org.testng.reporters.JUnitXMLReporter -->
<testsuite hostname="DESKTOP-UJH33DH" failures="0" tests="6" name="Test" time="11.208" errors="0" timestamp="18 Jul 2022 10:01:25 GMT">
  <testcase classname="org.Maven.Pratice.MavenExampleTest" name="testSetup1" time="6.768"/>
  <testcase classname="org.Maven.Pratice.MavenExample2Test" name="testSetup21" time="6.8"/>
  <testcase classname="org.Maven.Pratice.MavenExample1Test" name="testSetup11" time="6.974"/>
  <testcase classname="org.Maven.Pratice.MavenExample2Test" name="testSetup22" time="2.662"/>
  <testcase classname="org.Maven.Pratice.MavenExampleTest" name="testSetup2" time="2.819"/>
  <testcase classname="org.Maven.Pratice.MavenExampleTest" name="testSetup3" time="1.58"/>
</testsuite> <!-- Test -->
